\BOOKMARK [2][-]{section*.1}{\376\377\0003\000.\0001}{}% 1
\BOOKMARK [2][-]{section*.3}{\376\377\0003\000.\0002}{}% 2
\BOOKMARK [2][-]{section*.5}{\376\377\0003\000.\0005}{}% 3
\BOOKMARK [2][-]{section*.7}{\376\377\0003\000.\0006}{}% 4
\BOOKMARK [2][-]{section*.9}{\376\377\0003\000.\0001\0001}{}% 5
\BOOKMARK [3][-]{section*.10}{\376\377\000\050\000a\000\051}{section*.9}% 6
\BOOKMARK [3][-]{section*.12}{\376\377\000\050\000b\000\051}{section*.9}% 7
\BOOKMARK [3][-]{section*.14}{\376\377\000\050\000c\000\051}{section*.9}% 8
\BOOKMARK [3][-]{section*.16}{\376\377\000\050\000d\000\051}{section*.9}% 9
\BOOKMARK [3][-]{section*.18}{\376\377\000\050\000e\000\051}{section*.9}% 10
\BOOKMARK [3][-]{section*.20}{\376\377\000\050\000f\000\051}{section*.9}% 11
\BOOKMARK [2][-]{section*.22}{\376\377\0003\000.\0001\0002}{}% 12
\BOOKMARK [3][-]{section*.23}{\376\377\000\050\000a\000\051}{section*.22}% 13
\BOOKMARK [3][-]{section*.25}{\376\377\000\050\000b\000\051}{section*.22}% 14
\BOOKMARK [3][-]{section*.26}{\376\377\000\050\000c\000\051}{section*.22}% 15
\BOOKMARK [2][-]{section*.27}{\376\377\0003\000.\0001\0003}{}% 16
\BOOKMARK [3][-]{section*.28}{\376\377\000\050\000a\000\051}{section*.27}% 17
\BOOKMARK [3][-]{section*.29}{\376\377\000\050\000b\000\051}{section*.27}% 18
\BOOKMARK [3][-]{section*.30}{\376\377\000\050\000c\000\051}{section*.27}% 19
\BOOKMARK [3][-]{section*.32}{\376\377\000\050\000d\000\051}{section*.27}% 20
\BOOKMARK [3][-]{section*.33}{\376\377\000\050\000e\000\051}{section*.27}% 21
\BOOKMARK [3][-]{section*.34}{\376\377\000\050\000f\000\051}{section*.27}% 22
\BOOKMARK [3][-]{section*.35}{\376\377\000\050\000g\000\051}{section*.27}% 23
\BOOKMARK [3][-]{section*.37}{\376\377\000\050\000h\000\051}{section*.27}% 24
\BOOKMARK [3][-]{section*.38}{\376\377\000\050\000i\000\051}{section*.27}% 25
\BOOKMARK [3][-]{section*.40}{\376\377\000\050\000j\000\051}{section*.27}% 26
\BOOKMARK [2][-]{section*.42}{\376\377\0003\000.\0001\0004}{}% 27
\BOOKMARK [3][-]{section*.43}{\376\377\000\050\000a\000\051}{section*.42}% 28
\BOOKMARK [3][-]{section*.45}{\376\377\000\050\000b\000\051}{section*.42}% 29
\BOOKMARK [3][-]{section*.47}{\376\377\000\050\000c\000\051}{section*.42}% 30
\BOOKMARK [3][-]{section*.49}{\376\377\000\050\000d\000\051}{section*.42}% 31
\BOOKMARK [3][-]{section*.51}{\376\377\000\050\000e\000\051}{section*.42}% 32
\BOOKMARK [3][-]{section*.53}{\376\377\000\050\000f\000\051}{section*.42}% 33
\BOOKMARK [3][-]{section*.55}{\376\377\000\050\000g\000\051}{section*.42}% 34
